# JRE version: Java(TM) SE Runtime Environment 18.9 (11.0.18+9) (build 11.0.18+9-LTS-195)
# Java VM: Java HotSpot(TM) 64-Bit Server VM 18.9 (11.0.18+9-LTS-195, mixed mode, tiered, compressed oops, g1 gc, windows-amd64)
Heap:
 garbage-first heap   total 476160K, used 384432K [0x0000000080000000, 0x0000000100000000)
  region size 1024K, 15 young (15360K), 6 survivors (6144K)
 Metaspace       used 162146K, capacity 168752K, committed 168952K, reserved 663552K
  class space    used 20186K, capacity 22666K, committed 22776K, reserved 516096K
GC Heap History (10 events):
Event: 9282.711 GC heap before
{Heap before GC invocations=236 (full 0):
 garbage-first heap   total 476160K, used 395050K [0x0000000080000000, 0x0000000100000000)
  region size 1024K, 45 young (46080K), 6 survivors (6144K)
 Metaspace       used 161197K, capacity 167744K, committed 168056K, reserved 661504K
  class space    used 20132K, capacity 22572K, committed 22648K, reserved 516096K
}
Event: 9282.729 GC heap after
{Heap after GC invocations=237 (full 0):
 garbage-first heap   total 476160K, used 361366K [0x0000000080000000, 0x0000000100000000)
  region size 1024K, 6 young (6144K), 6 survivors (6144K)
 Metaspace       used 161197K, capacity 167744K, committed 168056K, reserved 661504K
  class space    used 20132K, capacity 22572K, committed 22648K, reserved 516096K
}
Event: 9282.932 GC heap before
{Heap before GC invocations=238 (full 0):
 garbage-first heap   total 476160K, used 399254K [0x0000000080000000, 0x0000000100000000)
  region size 1024K, 44 young (45056K), 6 survivors (6144K)
 Metaspace       used 161277K, capacity 167821K, committed 168056K, reserved 661504K
  class space    used 20137K, capacity 22576K, committed 22648K, reserved 516096K
}
Event: 9282.947 GC heap after
{Heap after GC invocations=239 (full 0):
 garbage-first heap   total 476160K, used 363364K [0x0000000080000000, 0x0000000100000000)
  region size 1024K, 2 young (2048K), 2 survivors (2048K)
 Metaspace       used 161277K, capacity 167821K, committed 168056K, reserved 661504K
  class space    used 20137K, capacity 22576K, committed 22648K, reserved 516096K
}
Event: 9283.645 GC heap before
{Heap before GC invocations=239 (full 0):
 garbage-first heap   total 476160K, used 385892K [0x0000000080000000, 0x0000000100000000)
  region size 1024K, 23 young (23552K), 2 survivors (2048K)
 Metaspace       used 161549K, capacity 168066K, committed 168312K, reserved 663552K
  class space    used 20161K, capacity 22614K, committed 22648K, reserved 516096K
}
Event: 9283.655 GC heap after
{Heap after GC invocations=240 (full 0):
 garbage-first heap   total 476160K, used 368640K [0x0000000080000000, 0x0000000100000000)
  region size 1024K, 3 young (3072K), 3 survivors (3072K)
 Metaspace       used 161549K, capacity 168066K, committed 168312K, reserved 663552K
  class space    used 20161K, capacity 22614K, committed 22648K, reserved 516096K
}
Event: 9284.658 GC heap before
{Heap before GC invocations=240 (full 0):
 garbage-first heap   total 476160K, used 406528K [0x0000000080000000, 0x0000000100000000)
  region size 1024K, 40 young (40960K), 3 survivors (3072K)
 Metaspace       used 161775K, capacity 168332K, committed 168568K, reserved 663552K
  class space    used 20162K, capacity 22614K, committed 22648K, reserved 516096K
}
Event: 9284.665 GC heap after
{Heap after GC invocations=241 (full 0):
 garbage-first heap   total 476160K, used 369675K [0x0000000080000000, 0x0000000100000000)
  region size 1024K, 4 young (4096K), 4 survivors (4096K)
 Metaspace       used 161775K, capacity 168332K, committed 168568K, reserved 663552K
  class space    used 20162K, capacity 22614K, committed 22648K, reserved 516096K
}
Event: 9285.638 GC heap before
{Heap before GC invocations=241 (full 0):
 garbage-first heap   total 476160K, used 403467K [0x0000000080000000, 0x0000000100000000)
  region size 1024K, 41 young (41984K), 4 survivors (4096K)
 Metaspace       used 161980K, capacity 168565K, committed 168824K, reserved 663552K
  class space    used 20175K, capacity 22627K, committed 22648K, reserved 516096K
}
Event: 9285.668 GC heap after
{Heap after GC invocations=242 (full 0):
 garbage-first heap   total 476160K, used 376240K [0x0000000080000000, 0x0000000100000000)
  region size 1024K, 6 young (6144K), 6 survivors (6144K)
 Metaspace       used 161980K, capacity 168565K, committed 168824K, reserved 663552K
  class space    used 20175K, capacity 22627K, committed 22648K, reserved 516096K
}

